	.text
	.syntax unified
	.eabi_attribute	67, "2.09"	@ Tag_conformance
	.cpu	cortex-m55
	.eabi_attribute	6, 21	@ Tag_CPU_arch
	.eabi_attribute	7, 77	@ Tag_CPU_arch_profile
	.eabi_attribute	8, 0	@ Tag_ARM_ISA_use
	.eabi_attribute	9, 3	@ Tag_THUMB_ISA_use
	.fpu	fpv5-d16
	.eabi_attribute	36, 1	@ Tag_FP_HP_extension
	.eabi_attribute	48, 2	@ Tag_MVE_arch
	.eabi_attribute	46, 1	@ Tag_DSP_extension
	.eabi_attribute	34, 1	@ Tag_CPU_unaligned_access
	.eabi_attribute	17, 1	@ Tag_ABI_PCS_GOT_use
	.eabi_attribute	20, 2	@ Tag_ABI_FP_denormal
	.eabi_attribute	21, 0	@ Tag_ABI_FP_exceptions
	.eabi_attribute	23, 1	@ Tag_ABI_FP_number_model
	.eabi_attribute	24, 1	@ Tag_ABI_align_needed
	.eabi_attribute	25, 1	@ Tag_ABI_align_preserved
	.eabi_attribute	28, 1	@ Tag_ABI_VFP_args
	.eabi_attribute	38, 1	@ Tag_ABI_FP_16bit_format
	.eabi_attribute	18, 2	@ Tag_ABI_PCS_wchar_t
	.eabi_attribute	26, 1	@ Tag_ABI_enum_size
	.eabi_attribute	14, 0	@ Tag_ABI_PCS_R9_use
	.file	"InputFiles.cpp"
	.file	1 "C:\\Users\\M55M1BSP\\SampleCode\\MachineLearning\\ObjectDetection_FreeRTOS_yoloxn\\KEIL" "../Pattern/InputFiles.cpp"
	.file	2 "C:\\" "Keil_v5\\ARM\\ARMCLANG\\Bin\\..\\include\\stdint.h"
	.file	3 "C:\\" "Keil_v5\\ARM\\ARMCLANG\\Bin\\..\\include\\libcxx\\cstdint"
	.section	.text._Z12get_filenamej,"ax",%progbits
	.hidden	_Z12get_filenamej               @ -- Begin function _Z12get_filenamej
	.globl	_Z12get_filenamej
	.p2align	2
	.type	_Z12get_filenamej,%function
	.code	16                              @ @_Z12get_filenamej
	.thumb_func
_Z12get_filenamej:
.Lfunc_begin0:
	.loc	1 38 0                          @ ../Pattern/InputFiles.cpp:38:0
	.fnstart
	.cfi_sections .debug_frame
	.cfi_startproc
@ %bb.0:
	@DEBUG_VALUE: get_filename:idx <- $r0
	@DEBUG_VALUE: get_filename:idx <- $r0
	.loc	1 39 9 prologue_end             @ ../Pattern/InputFiles.cpp:39:9
	movw	r1, :lower16:.L.str
	cmp	r0, #0
	movt	r1, :upper16:.L.str
	it	ne
	movne	r1, #0
	.loc	1 45 1                          @ ../Pattern/InputFiles.cpp:45:1
	mov	r0, r1
.Ltmp0:
	@DEBUG_VALUE: get_filename:idx <- [DW_OP_LLVM_entry_value 1] $r0
	bx	lr
.Ltmp1:
.Lfunc_end0:
	.size	_Z12get_filenamej, .Lfunc_end0-_Z12get_filenamej
	.cfi_endproc
	.cantunwind
	.fnend
                                        @ -- End function
	.section	.text._Z13get_img_arrayj,"ax",%progbits
	.hidden	_Z13get_img_arrayj              @ -- Begin function _Z13get_img_arrayj
	.globl	_Z13get_img_arrayj
	.p2align	2
	.type	_Z13get_img_arrayj,%function
	.code	16                              @ @_Z13get_img_arrayj
	.thumb_func
_Z13get_img_arrayj:
.Lfunc_begin1:
	.loc	1 49 0                          @ ../Pattern/InputFiles.cpp:49:0
	.fnstart
	.cfi_startproc
@ %bb.0:
	@DEBUG_VALUE: get_img_array:idx <- $r0
	@DEBUG_VALUE: get_img_array:idx <- $r0
	.loc	1 50 9 prologue_end             @ ../Pattern/InputFiles.cpp:50:9
	movw	r1, :lower16:im0
	cmp	r0, #0
	movt	r1, :upper16:im0
	it	ne
	movne	r1, #0
	.loc	1 56 1                          @ ../Pattern/InputFiles.cpp:56:1
	mov	r0, r1
.Ltmp2:
	@DEBUG_VALUE: get_img_array:idx <- [DW_OP_LLVM_entry_value 1] $r0
	bx	lr
.Ltmp3:
.Lfunc_end1:
	.size	_Z13get_img_arrayj, .Lfunc_end1-_Z13get_img_arrayj
	.cfi_endproc
	.cantunwind
	.fnend
                                        @ -- End function
	.type	.L.str,%object                  @ @.str
	.section	.rodata.str1.1,"aMS",%progbits,1
.L.str:
	.asciz	"dog.jpg"
	.size	.L.str, 8

	.section	.debug_loc,"",%progbits
.Ldebug_loc0:
	.long	-1
	.long	.Lfunc_begin0                   @   base address
	.long	.Lfunc_begin0-.Lfunc_begin0
	.long	.Ltmp0-.Lfunc_begin0
	.short	1                               @ Loc expr size
	.byte	80                              @ DW_OP_reg0
	.long	.Ltmp0-.Lfunc_begin0
	.long	.Lfunc_end0-.Lfunc_begin0
	.short	4                               @ Loc expr size
	.byte	243                             @ DW_OP_GNU_entry_value
	.byte	1                               @ 1
	.byte	80                              @ DW_OP_reg0
	.byte	159                             @ DW_OP_stack_value
	.long	0
	.long	0
.Ldebug_loc1:
	.long	-1
	.long	.Lfunc_begin1                   @   base address
	.long	.Lfunc_begin1-.Lfunc_begin1
	.long	.Ltmp2-.Lfunc_begin1
	.short	1                               @ Loc expr size
	.byte	80                              @ DW_OP_reg0
	.long	.Ltmp2-.Lfunc_begin1
	.long	.Lfunc_end1-.Lfunc_begin1
	.short	4                               @ Loc expr size
	.byte	243                             @ DW_OP_GNU_entry_value
	.byte	1                               @ 1
	.byte	80                              @ DW_OP_reg0
	.byte	159                             @ DW_OP_stack_value
	.long	0
	.long	0
	.section	.debug_abbrev,"",%progbits
	.byte	1                               @ Abbreviation Code
	.byte	17                              @ DW_TAG_compile_unit
	.byte	1                               @ DW_CHILDREN_yes
	.byte	37                              @ DW_AT_producer
	.byte	14                              @ DW_FORM_strp
	.byte	19                              @ DW_AT_language
	.byte	5                               @ DW_FORM_data2
	.byte	3                               @ DW_AT_name
	.byte	14                              @ DW_FORM_strp
	.byte	16                              @ DW_AT_stmt_list
	.byte	23                              @ DW_FORM_sec_offset
	.byte	27                              @ DW_AT_comp_dir
	.byte	14                              @ DW_FORM_strp
	.byte	17                              @ DW_AT_low_pc
	.byte	1                               @ DW_FORM_addr
	.byte	85                              @ DW_AT_ranges
	.byte	23                              @ DW_FORM_sec_offset
	.byte	0                               @ EOM(1)
	.byte	0                               @ EOM(2)
	.byte	2                               @ Abbreviation Code
	.byte	52                              @ DW_TAG_variable
	.byte	0                               @ DW_CHILDREN_no
	.byte	3                               @ DW_AT_name
	.byte	14                              @ DW_FORM_strp
	.byte	73                              @ DW_AT_type
	.byte	19                              @ DW_FORM_ref4
	.byte	58                              @ DW_AT_decl_file
	.byte	11                              @ DW_FORM_data1
	.byte	59                              @ DW_AT_decl_line
	.byte	11                              @ DW_FORM_data1
	.byte	110                             @ DW_AT_linkage_name
	.byte	14                              @ DW_FORM_strp
	.byte	0                               @ EOM(1)
	.byte	0                               @ EOM(2)
	.byte	3                               @ Abbreviation Code
	.byte	1                               @ DW_TAG_array_type
	.byte	1                               @ DW_CHILDREN_yes
	.byte	73                              @ DW_AT_type
	.byte	19                              @ DW_FORM_ref4
	.byte	0                               @ EOM(1)
	.byte	0                               @ EOM(2)
	.byte	4                               @ Abbreviation Code
	.byte	33                              @ DW_TAG_subrange_type
	.byte	0                               @ DW_CHILDREN_no
	.byte	73                              @ DW_AT_type
	.byte	19                              @ DW_FORM_ref4
	.byte	55                              @ DW_AT_count
	.byte	11                              @ DW_FORM_data1
	.byte	0                               @ EOM(1)
	.byte	0                               @ EOM(2)
	.byte	5                               @ Abbreviation Code
	.byte	15                              @ DW_TAG_pointer_type
	.byte	0                               @ DW_CHILDREN_no
	.byte	73                              @ DW_AT_type
	.byte	19                              @ DW_FORM_ref4
	.byte	0                               @ EOM(1)
	.byte	0                               @ EOM(2)
	.byte	6                               @ Abbreviation Code
	.byte	38                              @ DW_TAG_const_type
	.byte	0                               @ DW_CHILDREN_no
	.byte	73                              @ DW_AT_type
	.byte	19                              @ DW_FORM_ref4
	.byte	0                               @ EOM(1)
	.byte	0                               @ EOM(2)
	.byte	7                               @ Abbreviation Code
	.byte	36                              @ DW_TAG_base_type
	.byte	0                               @ DW_CHILDREN_no
	.byte	3                               @ DW_AT_name
	.byte	14                              @ DW_FORM_strp
	.byte	62                              @ DW_AT_encoding
	.byte	11                              @ DW_FORM_data1
	.byte	11                              @ DW_AT_byte_size
	.byte	11                              @ DW_FORM_data1
	.byte	0                               @ EOM(1)
	.byte	0                               @ EOM(2)
	.byte	8                               @ Abbreviation Code
	.byte	36                              @ DW_TAG_base_type
	.byte	0                               @ DW_CHILDREN_no
	.byte	3                               @ DW_AT_name
	.byte	14                              @ DW_FORM_strp
	.byte	11                              @ DW_AT_byte_size
	.byte	11                              @ DW_FORM_data1
	.byte	62                              @ DW_AT_encoding
	.byte	11                              @ DW_FORM_data1
	.byte	0                               @ EOM(1)
	.byte	0                               @ EOM(2)
	.byte	9                               @ Abbreviation Code
	.byte	22                              @ DW_TAG_typedef
	.byte	0                               @ DW_CHILDREN_no
	.byte	73                              @ DW_AT_type
	.byte	19                              @ DW_FORM_ref4
	.byte	3                               @ DW_AT_name
	.byte	14                              @ DW_FORM_strp
	.byte	58                              @ DW_AT_decl_file
	.byte	11                              @ DW_FORM_data1
	.byte	59                              @ DW_AT_decl_line
	.byte	11                              @ DW_FORM_data1
	.byte	0                               @ EOM(1)
	.byte	0                               @ EOM(2)
	.byte	10                              @ Abbreviation Code
	.byte	8                               @ DW_TAG_imported_declaration
	.byte	0                               @ DW_CHILDREN_no
	.byte	58                              @ DW_AT_decl_file
	.byte	11                              @ DW_FORM_data1
	.byte	59                              @ DW_AT_decl_line
	.byte	5                               @ DW_FORM_data2
	.byte	24                              @ DW_AT_import
	.byte	19                              @ DW_FORM_ref4
	.byte	0                               @ EOM(1)
	.byte	0                               @ EOM(2)
	.byte	11                              @ Abbreviation Code
	.byte	57                              @ DW_TAG_namespace
	.byte	1                               @ DW_CHILDREN_yes
	.byte	3                               @ DW_AT_name
	.byte	14                              @ DW_FORM_strp
	.byte	0                               @ EOM(1)
	.byte	0                               @ EOM(2)
	.byte	12                              @ Abbreviation Code
	.byte	57                              @ DW_TAG_namespace
	.byte	1                               @ DW_CHILDREN_yes
	.byte	3                               @ DW_AT_name
	.byte	14                              @ DW_FORM_strp
	.ascii	"\211\001"                      @ DW_AT_export_symbols
	.byte	25                              @ DW_FORM_flag_present
	.byte	0                               @ EOM(1)
	.byte	0                               @ EOM(2)
	.byte	13                              @ Abbreviation Code
	.byte	8                               @ DW_TAG_imported_declaration
	.byte	0                               @ DW_CHILDREN_no
	.byte	58                              @ DW_AT_decl_file
	.byte	11                              @ DW_FORM_data1
	.byte	59                              @ DW_AT_decl_line
	.byte	11                              @ DW_FORM_data1
	.byte	24                              @ DW_AT_import
	.byte	19                              @ DW_FORM_ref4
	.byte	0                               @ EOM(1)
	.byte	0                               @ EOM(2)
	.byte	14                              @ Abbreviation Code
	.byte	46                              @ DW_TAG_subprogram
	.byte	1                               @ DW_CHILDREN_yes
	.byte	17                              @ DW_AT_low_pc
	.byte	1                               @ DW_FORM_addr
	.byte	18                              @ DW_AT_high_pc
	.byte	6                               @ DW_FORM_data4
	.byte	64                              @ DW_AT_frame_base
	.byte	24                              @ DW_FORM_exprloc
	.ascii	"\227B"                         @ DW_AT_GNU_all_call_sites
	.byte	25                              @ DW_FORM_flag_present
	.byte	110                             @ DW_AT_linkage_name
	.byte	14                              @ DW_FORM_strp
	.byte	3                               @ DW_AT_name
	.byte	14                              @ DW_FORM_strp
	.byte	58                              @ DW_AT_decl_file
	.byte	11                              @ DW_FORM_data1
	.byte	59                              @ DW_AT_decl_line
	.byte	11                              @ DW_FORM_data1
	.byte	73                              @ DW_AT_type
	.byte	19                              @ DW_FORM_ref4
	.byte	63                              @ DW_AT_external
	.byte	25                              @ DW_FORM_flag_present
	.byte	0                               @ EOM(1)
	.byte	0                               @ EOM(2)
	.byte	15                              @ Abbreviation Code
	.byte	5                               @ DW_TAG_formal_parameter
	.byte	0                               @ DW_CHILDREN_no
	.byte	2                               @ DW_AT_location
	.byte	23                              @ DW_FORM_sec_offset
	.byte	3                               @ DW_AT_name
	.byte	14                              @ DW_FORM_strp
	.byte	58                              @ DW_AT_decl_file
	.byte	11                              @ DW_FORM_data1
	.byte	59                              @ DW_AT_decl_line
	.byte	11                              @ DW_FORM_data1
	.byte	73                              @ DW_AT_type
	.byte	19                              @ DW_FORM_ref4
	.byte	0                               @ EOM(1)
	.byte	0                               @ EOM(2)
	.byte	0                               @ EOM(3)
	.section	.debug_info,"",%progbits
.Lcu_begin0:
	.long	.Ldebug_info_end0-.Ldebug_info_start0 @ Length of Unit
.Ldebug_info_start0:
	.short	4                               @ DWARF version number
	.long	.debug_abbrev                   @ Offset Into Abbrev. Section
	.byte	4                               @ Address Size (in bytes)
	.byte	1                               @ Abbrev [1] 0xb:0x3e7 DW_TAG_compile_unit
	.long	.Linfo_string0                  @ DW_AT_producer
	.short	26                              @ DW_AT_language
	.long	.Linfo_string1                  @ DW_AT_name
	.long	.Lline_table_start0             @ DW_AT_stmt_list
	.long	.Linfo_string2                  @ DW_AT_comp_dir
	.long	0                               @ DW_AT_low_pc
	.long	.Ldebug_ranges0                 @ DW_AT_ranges
	.byte	2                               @ Abbrev [2] 0x26:0xf DW_TAG_variable
	.long	.Linfo_string3                  @ DW_AT_name
	.long	53                              @ DW_AT_type
	.byte	1                               @ DW_AT_decl_file
	.byte	25                              @ DW_AT_decl_line
	.long	.Linfo_string6                  @ DW_AT_linkage_name
	.byte	3                               @ Abbrev [3] 0x35:0xc DW_TAG_array_type
	.long	65                              @ DW_AT_type
	.byte	4                               @ Abbrev [4] 0x3a:0x6 DW_TAG_subrange_type
	.long	82                              @ DW_AT_type
	.byte	1                               @ DW_AT_count
	.byte	0                               @ End Of Children Mark
	.byte	5                               @ Abbrev [5] 0x41:0x5 DW_TAG_pointer_type
	.long	70                              @ DW_AT_type
	.byte	6                               @ Abbrev [6] 0x46:0x5 DW_TAG_const_type
	.long	75                              @ DW_AT_type
	.byte	7                               @ Abbrev [7] 0x4b:0x7 DW_TAG_base_type
	.long	.Linfo_string4                  @ DW_AT_name
	.byte	8                               @ DW_AT_encoding
	.byte	1                               @ DW_AT_byte_size
	.byte	8                               @ Abbrev [8] 0x52:0x7 DW_TAG_base_type
	.long	.Linfo_string5                  @ DW_AT_name
	.byte	8                               @ DW_AT_byte_size
	.byte	7                               @ DW_AT_encoding
	.byte	2                               @ Abbrev [2] 0x59:0xf DW_TAG_variable
	.long	.Linfo_string7                  @ DW_AT_name
	.long	104                             @ DW_AT_type
	.byte	1                               @ DW_AT_decl_file
	.byte	31                              @ DW_AT_decl_line
	.long	.Linfo_string10                 @ DW_AT_linkage_name
	.byte	3                               @ Abbrev [3] 0x68:0xc DW_TAG_array_type
	.long	116                             @ DW_AT_type
	.byte	4                               @ Abbrev [4] 0x6d:0x6 DW_TAG_subrange_type
	.long	82                              @ DW_AT_type
	.byte	1                               @ DW_AT_count
	.byte	0                               @ End Of Children Mark
	.byte	5                               @ Abbrev [5] 0x74:0x5 DW_TAG_pointer_type
	.long	121                             @ DW_AT_type
	.byte	6                               @ Abbrev [6] 0x79:0x5 DW_TAG_const_type
	.long	126                             @ DW_AT_type
	.byte	9                               @ Abbrev [9] 0x7e:0xb DW_TAG_typedef
	.long	137                             @ DW_AT_type
	.long	.Linfo_string9                  @ DW_AT_name
	.byte	2                               @ DW_AT_decl_file
	.byte	62                              @ DW_AT_decl_line
	.byte	7                               @ Abbrev [7] 0x89:0x7 DW_TAG_base_type
	.long	.Linfo_string8                  @ DW_AT_name
	.byte	8                               @ DW_AT_encoding
	.byte	1                               @ DW_AT_byte_size
	.byte	9                               @ Abbrev [9] 0x90:0xb DW_TAG_typedef
	.long	155                             @ DW_AT_type
	.long	.Linfo_string12                 @ DW_AT_name
	.byte	2                               @ DW_AT_decl_file
	.byte	56                              @ DW_AT_decl_line
	.byte	7                               @ Abbrev [7] 0x9b:0x7 DW_TAG_base_type
	.long	.Linfo_string11                 @ DW_AT_name
	.byte	6                               @ DW_AT_encoding
	.byte	1                               @ DW_AT_byte_size
	.byte	10                              @ Abbrev [10] 0xa2:0x8 DW_TAG_imported_declaration
	.byte	2                               @ DW_AT_decl_file
	.short	275                             @ DW_AT_decl_line
	.long	144                             @ DW_AT_import
	.byte	9                               @ Abbrev [9] 0xaa:0xb DW_TAG_typedef
	.long	181                             @ DW_AT_type
	.long	.Linfo_string14                 @ DW_AT_name
	.byte	2                               @ DW_AT_decl_file
	.byte	57                              @ DW_AT_decl_line
	.byte	7                               @ Abbrev [7] 0xb5:0x7 DW_TAG_base_type
	.long	.Linfo_string13                 @ DW_AT_name
	.byte	5                               @ DW_AT_encoding
	.byte	2                               @ DW_AT_byte_size
	.byte	10                              @ Abbrev [10] 0xbc:0x8 DW_TAG_imported_declaration
	.byte	2                               @ DW_AT_decl_file
	.short	276                             @ DW_AT_decl_line
	.long	170                             @ DW_AT_import
	.byte	9                               @ Abbrev [9] 0xc4:0xb DW_TAG_typedef
	.long	207                             @ DW_AT_type
	.long	.Linfo_string16                 @ DW_AT_name
	.byte	2                               @ DW_AT_decl_file
	.byte	58                              @ DW_AT_decl_line
	.byte	7                               @ Abbrev [7] 0xcf:0x7 DW_TAG_base_type
	.long	.Linfo_string15                 @ DW_AT_name
	.byte	5                               @ DW_AT_encoding
	.byte	4                               @ DW_AT_byte_size
	.byte	10                              @ Abbrev [10] 0xd6:0x8 DW_TAG_imported_declaration
	.byte	2                               @ DW_AT_decl_file
	.short	277                             @ DW_AT_decl_line
	.long	196                             @ DW_AT_import
	.byte	9                               @ Abbrev [9] 0xde:0xb DW_TAG_typedef
	.long	233                             @ DW_AT_type
	.long	.Linfo_string18                 @ DW_AT_name
	.byte	2                               @ DW_AT_decl_file
	.byte	59                              @ DW_AT_decl_line
	.byte	7                               @ Abbrev [7] 0xe9:0x7 DW_TAG_base_type
	.long	.Linfo_string17                 @ DW_AT_name
	.byte	5                               @ DW_AT_encoding
	.byte	8                               @ DW_AT_byte_size
	.byte	10                              @ Abbrev [10] 0xf0:0x8 DW_TAG_imported_declaration
	.byte	2                               @ DW_AT_decl_file
	.short	278                             @ DW_AT_decl_line
	.long	222                             @ DW_AT_import
	.byte	10                              @ Abbrev [10] 0xf8:0x8 DW_TAG_imported_declaration
	.byte	2                               @ DW_AT_decl_file
	.short	279                             @ DW_AT_decl_line
	.long	126                             @ DW_AT_import
	.byte	9                               @ Abbrev [9] 0x100:0xb DW_TAG_typedef
	.long	267                             @ DW_AT_type
	.long	.Linfo_string20                 @ DW_AT_name
	.byte	2                               @ DW_AT_decl_file
	.byte	63                              @ DW_AT_decl_line
	.byte	7                               @ Abbrev [7] 0x10b:0x7 DW_TAG_base_type
	.long	.Linfo_string19                 @ DW_AT_name
	.byte	7                               @ DW_AT_encoding
	.byte	2                               @ DW_AT_byte_size
	.byte	10                              @ Abbrev [10] 0x112:0x8 DW_TAG_imported_declaration
	.byte	2                               @ DW_AT_decl_file
	.short	280                             @ DW_AT_decl_line
	.long	256                             @ DW_AT_import
	.byte	9                               @ Abbrev [9] 0x11a:0xb DW_TAG_typedef
	.long	293                             @ DW_AT_type
	.long	.Linfo_string22                 @ DW_AT_name
	.byte	2                               @ DW_AT_decl_file
	.byte	64                              @ DW_AT_decl_line
	.byte	7                               @ Abbrev [7] 0x125:0x7 DW_TAG_base_type
	.long	.Linfo_string21                 @ DW_AT_name
	.byte	7                               @ DW_AT_encoding
	.byte	4                               @ DW_AT_byte_size
	.byte	10                              @ Abbrev [10] 0x12c:0x8 DW_TAG_imported_declaration
	.byte	2                               @ DW_AT_decl_file
	.short	281                             @ DW_AT_decl_line
	.long	282                             @ DW_AT_import
	.byte	9                               @ Abbrev [9] 0x134:0xb DW_TAG_typedef
	.long	319                             @ DW_AT_type
	.long	.Linfo_string24                 @ DW_AT_name
	.byte	2                               @ DW_AT_decl_file
	.byte	65                              @ DW_AT_decl_line
	.byte	7                               @ Abbrev [7] 0x13f:0x7 DW_TAG_base_type
	.long	.Linfo_string23                 @ DW_AT_name
	.byte	7                               @ DW_AT_encoding
	.byte	8                               @ DW_AT_byte_size
	.byte	10                              @ Abbrev [10] 0x146:0x8 DW_TAG_imported_declaration
	.byte	2                               @ DW_AT_decl_file
	.short	282                             @ DW_AT_decl_line
	.long	308                             @ DW_AT_import
	.byte	9                               @ Abbrev [9] 0x14e:0xb DW_TAG_typedef
	.long	155                             @ DW_AT_type
	.long	.Linfo_string25                 @ DW_AT_name
	.byte	2                               @ DW_AT_decl_file
	.byte	71                              @ DW_AT_decl_line
	.byte	10                              @ Abbrev [10] 0x159:0x8 DW_TAG_imported_declaration
	.byte	2                               @ DW_AT_decl_file
	.short	283                             @ DW_AT_decl_line
	.long	334                             @ DW_AT_import
	.byte	9                               @ Abbrev [9] 0x161:0xb DW_TAG_typedef
	.long	181                             @ DW_AT_type
	.long	.Linfo_string26                 @ DW_AT_name
	.byte	2                               @ DW_AT_decl_file
	.byte	72                              @ DW_AT_decl_line
	.byte	10                              @ Abbrev [10] 0x16c:0x8 DW_TAG_imported_declaration
	.byte	2                               @ DW_AT_decl_file
	.short	284                             @ DW_AT_decl_line
	.long	353                             @ DW_AT_import
	.byte	9                               @ Abbrev [9] 0x174:0xb DW_TAG_typedef
	.long	207                             @ DW_AT_type
	.long	.Linfo_string27                 @ DW_AT_name
	.byte	2                               @ DW_AT_decl_file
	.byte	73                              @ DW_AT_decl_line
	.byte	10                              @ Abbrev [10] 0x17f:0x8 DW_TAG_imported_declaration
	.byte	2                               @ DW_AT_decl_file
	.short	285                             @ DW_AT_decl_line
	.long	372                             @ DW_AT_import
	.byte	9                               @ Abbrev [9] 0x187:0xb DW_TAG_typedef
	.long	233                             @ DW_AT_type
	.long	.Linfo_string28                 @ DW_AT_name
	.byte	2                               @ DW_AT_decl_file
	.byte	74                              @ DW_AT_decl_line
	.byte	10                              @ Abbrev [10] 0x192:0x8 DW_TAG_imported_declaration
	.byte	2                               @ DW_AT_decl_file
	.short	286                             @ DW_AT_decl_line
	.long	391                             @ DW_AT_import
	.byte	9                               @ Abbrev [9] 0x19a:0xb DW_TAG_typedef
	.long	137                             @ DW_AT_type
	.long	.Linfo_string29                 @ DW_AT_name
	.byte	2                               @ DW_AT_decl_file
	.byte	77                              @ DW_AT_decl_line
	.byte	10                              @ Abbrev [10] 0x1a5:0x8 DW_TAG_imported_declaration
	.byte	2                               @ DW_AT_decl_file
	.short	287                             @ DW_AT_decl_line
	.long	410                             @ DW_AT_import
	.byte	9                               @ Abbrev [9] 0x1ad:0xb DW_TAG_typedef
	.long	267                             @ DW_AT_type
	.long	.Linfo_string30                 @ DW_AT_name
	.byte	2                               @ DW_AT_decl_file
	.byte	78                              @ DW_AT_decl_line
	.byte	10                              @ Abbrev [10] 0x1b8:0x8 DW_TAG_imported_declaration
	.byte	2                               @ DW_AT_decl_file
	.short	288                             @ DW_AT_decl_line
	.long	429                             @ DW_AT_import
	.byte	9                               @ Abbrev [9] 0x1c0:0xb DW_TAG_typedef
	.long	293                             @ DW_AT_type
	.long	.Linfo_string31                 @ DW_AT_name
	.byte	2                               @ DW_AT_decl_file
	.byte	79                              @ DW_AT_decl_line
	.byte	10                              @ Abbrev [10] 0x1cb:0x8 DW_TAG_imported_declaration
	.byte	2                               @ DW_AT_decl_file
	.short	289                             @ DW_AT_decl_line
	.long	448                             @ DW_AT_import
	.byte	9                               @ Abbrev [9] 0x1d3:0xb DW_TAG_typedef
	.long	319                             @ DW_AT_type
	.long	.Linfo_string32                 @ DW_AT_name
	.byte	2                               @ DW_AT_decl_file
	.byte	80                              @ DW_AT_decl_line
	.byte	10                              @ Abbrev [10] 0x1de:0x8 DW_TAG_imported_declaration
	.byte	2                               @ DW_AT_decl_file
	.short	290                             @ DW_AT_decl_line
	.long	467                             @ DW_AT_import
	.byte	9                               @ Abbrev [9] 0x1e6:0xb DW_TAG_typedef
	.long	207                             @ DW_AT_type
	.long	.Linfo_string33                 @ DW_AT_name
	.byte	2                               @ DW_AT_decl_file
	.byte	85                              @ DW_AT_decl_line
	.byte	10                              @ Abbrev [10] 0x1f1:0x8 DW_TAG_imported_declaration
	.byte	2                               @ DW_AT_decl_file
	.short	291                             @ DW_AT_decl_line
	.long	486                             @ DW_AT_import
	.byte	9                               @ Abbrev [9] 0x1f9:0xb DW_TAG_typedef
	.long	207                             @ DW_AT_type
	.long	.Linfo_string34                 @ DW_AT_name
	.byte	2                               @ DW_AT_decl_file
	.byte	86                              @ DW_AT_decl_line
	.byte	10                              @ Abbrev [10] 0x204:0x8 DW_TAG_imported_declaration
	.byte	2                               @ DW_AT_decl_file
	.short	292                             @ DW_AT_decl_line
	.long	505                             @ DW_AT_import
	.byte	9                               @ Abbrev [9] 0x20c:0xb DW_TAG_typedef
	.long	207                             @ DW_AT_type
	.long	.Linfo_string35                 @ DW_AT_name
	.byte	2                               @ DW_AT_decl_file
	.byte	87                              @ DW_AT_decl_line
	.byte	10                              @ Abbrev [10] 0x217:0x8 DW_TAG_imported_declaration
	.byte	2                               @ DW_AT_decl_file
	.short	293                             @ DW_AT_decl_line
	.long	524                             @ DW_AT_import
	.byte	9                               @ Abbrev [9] 0x21f:0xb DW_TAG_typedef
	.long	233                             @ DW_AT_type
	.long	.Linfo_string36                 @ DW_AT_name
	.byte	2                               @ DW_AT_decl_file
	.byte	88                              @ DW_AT_decl_line
	.byte	10                              @ Abbrev [10] 0x22a:0x8 DW_TAG_imported_declaration
	.byte	2                               @ DW_AT_decl_file
	.short	294                             @ DW_AT_decl_line
	.long	543                             @ DW_AT_import
	.byte	9                               @ Abbrev [9] 0x232:0xb DW_TAG_typedef
	.long	293                             @ DW_AT_type
	.long	.Linfo_string37                 @ DW_AT_name
	.byte	2                               @ DW_AT_decl_file
	.byte	91                              @ DW_AT_decl_line
	.byte	10                              @ Abbrev [10] 0x23d:0x8 DW_TAG_imported_declaration
	.byte	2                               @ DW_AT_decl_file
	.short	295                             @ DW_AT_decl_line
	.long	562                             @ DW_AT_import
	.byte	9                               @ Abbrev [9] 0x245:0xb DW_TAG_typedef
	.long	293                             @ DW_AT_type
	.long	.Linfo_string38                 @ DW_AT_name
	.byte	2                               @ DW_AT_decl_file
	.byte	92                              @ DW_AT_decl_line
	.byte	10                              @ Abbrev [10] 0x250:0x8 DW_TAG_imported_declaration
	.byte	2                               @ DW_AT_decl_file
	.short	296                             @ DW_AT_decl_line
	.long	581                             @ DW_AT_import
	.byte	9                               @ Abbrev [9] 0x258:0xb DW_TAG_typedef
	.long	293                             @ DW_AT_type
	.long	.Linfo_string39                 @ DW_AT_name
	.byte	2                               @ DW_AT_decl_file
	.byte	93                              @ DW_AT_decl_line
	.byte	10                              @ Abbrev [10] 0x263:0x8 DW_TAG_imported_declaration
	.byte	2                               @ DW_AT_decl_file
	.short	297                             @ DW_AT_decl_line
	.long	600                             @ DW_AT_import
	.byte	9                               @ Abbrev [9] 0x26b:0xb DW_TAG_typedef
	.long	319                             @ DW_AT_type
	.long	.Linfo_string40                 @ DW_AT_name
	.byte	2                               @ DW_AT_decl_file
	.byte	94                              @ DW_AT_decl_line
	.byte	10                              @ Abbrev [10] 0x276:0x8 DW_TAG_imported_declaration
	.byte	2                               @ DW_AT_decl_file
	.short	298                             @ DW_AT_decl_line
	.long	619                             @ DW_AT_import
	.byte	9                               @ Abbrev [9] 0x27e:0xb DW_TAG_typedef
	.long	207                             @ DW_AT_type
	.long	.Linfo_string41                 @ DW_AT_name
	.byte	2                               @ DW_AT_decl_file
	.byte	101                             @ DW_AT_decl_line
	.byte	10                              @ Abbrev [10] 0x289:0x8 DW_TAG_imported_declaration
	.byte	2                               @ DW_AT_decl_file
	.short	299                             @ DW_AT_decl_line
	.long	638                             @ DW_AT_import
	.byte	9                               @ Abbrev [9] 0x291:0xb DW_TAG_typedef
	.long	293                             @ DW_AT_type
	.long	.Linfo_string42                 @ DW_AT_name
	.byte	2                               @ DW_AT_decl_file
	.byte	102                             @ DW_AT_decl_line
	.byte	10                              @ Abbrev [10] 0x29c:0x8 DW_TAG_imported_declaration
	.byte	2                               @ DW_AT_decl_file
	.short	300                             @ DW_AT_decl_line
	.long	657                             @ DW_AT_import
	.byte	9                               @ Abbrev [9] 0x2a4:0xb DW_TAG_typedef
	.long	233                             @ DW_AT_type
	.long	.Linfo_string43                 @ DW_AT_name
	.byte	2                               @ DW_AT_decl_file
	.byte	106                             @ DW_AT_decl_line
	.byte	10                              @ Abbrev [10] 0x2af:0x8 DW_TAG_imported_declaration
	.byte	2                               @ DW_AT_decl_file
	.short	301                             @ DW_AT_decl_line
	.long	676                             @ DW_AT_import
	.byte	9                               @ Abbrev [9] 0x2b7:0xb DW_TAG_typedef
	.long	319                             @ DW_AT_type
	.long	.Linfo_string44                 @ DW_AT_name
	.byte	2                               @ DW_AT_decl_file
	.byte	107                             @ DW_AT_decl_line
	.byte	10                              @ Abbrev [10] 0x2c2:0x8 DW_TAG_imported_declaration
	.byte	2                               @ DW_AT_decl_file
	.short	302                             @ DW_AT_decl_line
	.long	695                             @ DW_AT_import
	.byte	11                              @ Abbrev [11] 0x2ca:0xd0 DW_TAG_namespace
	.long	.Linfo_string45                 @ DW_AT_name
	.byte	12                              @ Abbrev [12] 0x2cf:0xca DW_TAG_namespace
	.long	.Linfo_string46                 @ DW_AT_name
                                        @ DW_AT_export_symbols
	.byte	13                              @ Abbrev [13] 0x2d4:0x7 DW_TAG_imported_declaration
	.byte	3                               @ DW_AT_decl_file
	.byte	152                             @ DW_AT_decl_line
	.long	144                             @ DW_AT_import
	.byte	13                              @ Abbrev [13] 0x2db:0x7 DW_TAG_imported_declaration
	.byte	3                               @ DW_AT_decl_file
	.byte	153                             @ DW_AT_decl_line
	.long	170                             @ DW_AT_import
	.byte	13                              @ Abbrev [13] 0x2e2:0x7 DW_TAG_imported_declaration
	.byte	3                               @ DW_AT_decl_file
	.byte	154                             @ DW_AT_decl_line
	.long	196                             @ DW_AT_import
	.byte	13                              @ Abbrev [13] 0x2e9:0x7 DW_TAG_imported_declaration
	.byte	3                               @ DW_AT_decl_file
	.byte	155                             @ DW_AT_decl_line
	.long	222                             @ DW_AT_import
	.byte	13                              @ Abbrev [13] 0x2f0:0x7 DW_TAG_imported_declaration
	.byte	3                               @ DW_AT_decl_file
	.byte	157                             @ DW_AT_decl_line
	.long	126                             @ DW_AT_import
	.byte	13                              @ Abbrev [13] 0x2f7:0x7 DW_TAG_imported_declaration
	.byte	3                               @ DW_AT_decl_file
	.byte	158                             @ DW_AT_decl_line
	.long	256                             @ DW_AT_import
	.byte	13                              @ Abbrev [13] 0x2fe:0x7 DW_TAG_imported_declaration
	.byte	3                               @ DW_AT_decl_file
	.byte	159                             @ DW_AT_decl_line
	.long	282                             @ DW_AT_import
	.byte	13                              @ Abbrev [13] 0x305:0x7 DW_TAG_imported_declaration
	.byte	3                               @ DW_AT_decl_file
	.byte	160                             @ DW_AT_decl_line
	.long	308                             @ DW_AT_import
	.byte	13                              @ Abbrev [13] 0x30c:0x7 DW_TAG_imported_declaration
	.byte	3                               @ DW_AT_decl_file
	.byte	162                             @ DW_AT_decl_line
	.long	334                             @ DW_AT_import
	.byte	13                              @ Abbrev [13] 0x313:0x7 DW_TAG_imported_declaration
	.byte	3                               @ DW_AT_decl_file
	.byte	163                             @ DW_AT_decl_line
	.long	353                             @ DW_AT_import
	.byte	13                              @ Abbrev [13] 0x31a:0x7 DW_TAG_imported_declaration
	.byte	3                               @ DW_AT_decl_file
	.byte	164                             @ DW_AT_decl_line
	.long	372                             @ DW_AT_import
	.byte	13                              @ Abbrev [13] 0x321:0x7 DW_TAG_imported_declaration
	.byte	3                               @ DW_AT_decl_file
	.byte	165                             @ DW_AT_decl_line
	.long	391                             @ DW_AT_import
	.byte	13                              @ Abbrev [13] 0x328:0x7 DW_TAG_imported_declaration
	.byte	3                               @ DW_AT_decl_file
	.byte	167                             @ DW_AT_decl_line
	.long	410                             @ DW_AT_import
	.byte	13                              @ Abbrev [13] 0x32f:0x7 DW_TAG_imported_declaration
	.byte	3                               @ DW_AT_decl_file
	.byte	168                             @ DW_AT_decl_line
	.long	429                             @ DW_AT_import
	.byte	13                              @ Abbrev [13] 0x336:0x7 DW_TAG_imported_declaration
	.byte	3                               @ DW_AT_decl_file
	.byte	169                             @ DW_AT_decl_line
	.long	448                             @ DW_AT_import
	.byte	13                              @ Abbrev [13] 0x33d:0x7 DW_TAG_imported_declaration
	.byte	3                               @ DW_AT_decl_file
	.byte	170                             @ DW_AT_decl_line
	.long	467                             @ DW_AT_import
	.byte	13                              @ Abbrev [13] 0x344:0x7 DW_TAG_imported_declaration
	.byte	3                               @ DW_AT_decl_file
	.byte	172                             @ DW_AT_decl_line
	.long	486                             @ DW_AT_import
	.byte	13                              @ Abbrev [13] 0x34b:0x7 DW_TAG_imported_declaration
	.byte	3                               @ DW_AT_decl_file
	.byte	173                             @ DW_AT_decl_line
	.long	505                             @ DW_AT_import
	.byte	13                              @ Abbrev [13] 0x352:0x7 DW_TAG_imported_declaration
	.byte	3                               @ DW_AT_decl_file
	.byte	174                             @ DW_AT_decl_line
	.long	524                             @ DW_AT_import
	.byte	13                              @ Abbrev [13] 0x359:0x7 DW_TAG_imported_declaration
	.byte	3                               @ DW_AT_decl_file
	.byte	175                             @ DW_AT_decl_line
	.long	543                             @ DW_AT_import
	.byte	13                              @ Abbrev [13] 0x360:0x7 DW_TAG_imported_declaration
	.byte	3                               @ DW_AT_decl_file
	.byte	177                             @ DW_AT_decl_line
	.long	562                             @ DW_AT_import
	.byte	13                              @ Abbrev [13] 0x367:0x7 DW_TAG_imported_declaration
	.byte	3                               @ DW_AT_decl_file
	.byte	178                             @ DW_AT_decl_line
	.long	581                             @ DW_AT_import
	.byte	13                              @ Abbrev [13] 0x36e:0x7 DW_TAG_imported_declaration
	.byte	3                               @ DW_AT_decl_file
	.byte	179                             @ DW_AT_decl_line
	.long	600                             @ DW_AT_import
	.byte	13                              @ Abbrev [13] 0x375:0x7 DW_TAG_imported_declaration
	.byte	3                               @ DW_AT_decl_file
	.byte	180                             @ DW_AT_decl_line
	.long	619                             @ DW_AT_import
	.byte	13                              @ Abbrev [13] 0x37c:0x7 DW_TAG_imported_declaration
	.byte	3                               @ DW_AT_decl_file
	.byte	182                             @ DW_AT_decl_line
	.long	638                             @ DW_AT_import
	.byte	13                              @ Abbrev [13] 0x383:0x7 DW_TAG_imported_declaration
	.byte	3                               @ DW_AT_decl_file
	.byte	183                             @ DW_AT_decl_line
	.long	657                             @ DW_AT_import
	.byte	13                              @ Abbrev [13] 0x38a:0x7 DW_TAG_imported_declaration
	.byte	3                               @ DW_AT_decl_file
	.byte	185                             @ DW_AT_decl_line
	.long	676                             @ DW_AT_import
	.byte	13                              @ Abbrev [13] 0x391:0x7 DW_TAG_imported_declaration
	.byte	3                               @ DW_AT_decl_file
	.byte	186                             @ DW_AT_decl_line
	.long	695                             @ DW_AT_import
	.byte	0                               @ End Of Children Mark
	.byte	0                               @ End Of Children Mark
	.byte	14                              @ Abbrev [14] 0x39a:0x29 DW_TAG_subprogram
	.long	.Lfunc_begin0                   @ DW_AT_low_pc
	.long	.Lfunc_end0-.Lfunc_begin0       @ DW_AT_high_pc
	.byte	1                               @ DW_AT_frame_base
	.byte	93
                                        @ DW_AT_GNU_all_call_sites
	.long	.Linfo_string47                 @ DW_AT_linkage_name
	.long	.Linfo_string48                 @ DW_AT_name
	.byte	1                               @ DW_AT_decl_file
	.byte	37                              @ DW_AT_decl_line
	.long	65                              @ DW_AT_type
                                        @ DW_AT_external
	.byte	15                              @ Abbrev [15] 0x3b3:0xf DW_TAG_formal_parameter
	.long	.Ldebug_loc0                    @ DW_AT_location
	.long	.Linfo_string51                 @ DW_AT_name
	.byte	1                               @ DW_AT_decl_file
	.byte	37                              @ DW_AT_decl_line
	.long	1004                            @ DW_AT_type
	.byte	0                               @ End Of Children Mark
	.byte	14                              @ Abbrev [14] 0x3c3:0x29 DW_TAG_subprogram
	.long	.Lfunc_begin1                   @ DW_AT_low_pc
	.long	.Lfunc_end1-.Lfunc_begin1       @ DW_AT_high_pc
	.byte	1                               @ DW_AT_frame_base
	.byte	93
                                        @ DW_AT_GNU_all_call_sites
	.long	.Linfo_string49                 @ DW_AT_linkage_name
	.long	.Linfo_string50                 @ DW_AT_name
	.byte	1                               @ DW_AT_decl_file
	.byte	48                              @ DW_AT_decl_line
	.long	116                             @ DW_AT_type
                                        @ DW_AT_external
	.byte	15                              @ Abbrev [15] 0x3dc:0xf DW_TAG_formal_parameter
	.long	.Ldebug_loc1                    @ DW_AT_location
	.long	.Linfo_string51                 @ DW_AT_name
	.byte	1                               @ DW_AT_decl_file
	.byte	48                              @ DW_AT_decl_line
	.long	1004                            @ DW_AT_type
	.byte	0                               @ End Of Children Mark
	.byte	6                               @ Abbrev [6] 0x3ec:0x5 DW_TAG_const_type
	.long	282                             @ DW_AT_type
	.byte	0                               @ End Of Children Mark
.Ldebug_info_end0:
	.section	.debug_ranges,"",%progbits
.Ldebug_ranges0:
	.long	.Lfunc_begin0
	.long	.Lfunc_end0
	.long	.Lfunc_begin1
	.long	.Lfunc_end1
	.long	0
	.long	0
	.section	.debug_str,"MS",%progbits,1
.Linfo_string0:
	.asciz	"Component: ARM Compiler 6.16 Tool: armclang [5dfeb700]" @ string offset=0
.Linfo_string1:
	.asciz	"../Pattern\\InputFiles.cpp"    @ string offset=55
.Linfo_string2:
	.asciz	"C:\\Users\\M55M1BSP\\SampleCode\\MachineLearning\\ObjectDetection_FreeRTOS_yoloxn\\KEIL" @ string offset=81
.Linfo_string3:
	.asciz	"img_filenames"                 @ string offset=163
.Linfo_string4:
	.asciz	"char"                          @ string offset=177
.Linfo_string5:
	.asciz	"__ARRAY_SIZE_TYPE__"           @ string offset=182
.Linfo_string6:
	.asciz	"_ZL13img_filenames"            @ string offset=202
.Linfo_string7:
	.asciz	"img_arrays"                    @ string offset=221
.Linfo_string8:
	.asciz	"unsigned char"                 @ string offset=232
.Linfo_string9:
	.asciz	"uint8_t"                       @ string offset=246
.Linfo_string10:
	.asciz	"_ZL10img_arrays"               @ string offset=254
.Linfo_string11:
	.asciz	"signed char"                   @ string offset=270
.Linfo_string12:
	.asciz	"int8_t"                        @ string offset=282
.Linfo_string13:
	.asciz	"short"                         @ string offset=289
.Linfo_string14:
	.asciz	"int16_t"                       @ string offset=295
.Linfo_string15:
	.asciz	"int"                           @ string offset=303
.Linfo_string16:
	.asciz	"int32_t"                       @ string offset=307
.Linfo_string17:
	.asciz	"long long int"                 @ string offset=315
.Linfo_string18:
	.asciz	"int64_t"                       @ string offset=329
.Linfo_string19:
	.asciz	"unsigned short"                @ string offset=337
.Linfo_string20:
	.asciz	"uint16_t"                      @ string offset=352
.Linfo_string21:
	.asciz	"unsigned int"                  @ string offset=361
.Linfo_string22:
	.asciz	"uint32_t"                      @ string offset=374
.Linfo_string23:
	.asciz	"long long unsigned int"        @ string offset=383
.Linfo_string24:
	.asciz	"uint64_t"                      @ string offset=406
.Linfo_string25:
	.asciz	"int_least8_t"                  @ string offset=415
.Linfo_string26:
	.asciz	"int_least16_t"                 @ string offset=428
.Linfo_string27:
	.asciz	"int_least32_t"                 @ string offset=442
.Linfo_string28:
	.asciz	"int_least64_t"                 @ string offset=456
.Linfo_string29:
	.asciz	"uint_least8_t"                 @ string offset=470
.Linfo_string30:
	.asciz	"uint_least16_t"                @ string offset=484
.Linfo_string31:
	.asciz	"uint_least32_t"                @ string offset=499
.Linfo_string32:
	.asciz	"uint_least64_t"                @ string offset=514
.Linfo_string33:
	.asciz	"int_fast8_t"                   @ string offset=529
.Linfo_string34:
	.asciz	"int_fast16_t"                  @ string offset=541
.Linfo_string35:
	.asciz	"int_fast32_t"                  @ string offset=554
.Linfo_string36:
	.asciz	"int_fast64_t"                  @ string offset=567
.Linfo_string37:
	.asciz	"uint_fast8_t"                  @ string offset=580
.Linfo_string38:
	.asciz	"uint_fast16_t"                 @ string offset=593
.Linfo_string39:
	.asciz	"uint_fast32_t"                 @ string offset=607
.Linfo_string40:
	.asciz	"uint_fast64_t"                 @ string offset=621
.Linfo_string41:
	.asciz	"intptr_t"                      @ string offset=635
.Linfo_string42:
	.asciz	"uintptr_t"                     @ string offset=644
.Linfo_string43:
	.asciz	"intmax_t"                      @ string offset=654
.Linfo_string44:
	.asciz	"uintmax_t"                     @ string offset=663
.Linfo_string45:
	.asciz	"std"                           @ string offset=673
.Linfo_string46:
	.asciz	"__2"                           @ string offset=677
.Linfo_string47:
	.asciz	"_Z12get_filenamej"             @ string offset=681
.Linfo_string48:
	.asciz	"get_filename"                  @ string offset=699
.Linfo_string49:
	.asciz	"_Z13get_img_arrayj"            @ string offset=712
.Linfo_string50:
	.asciz	"get_img_array"                 @ string offset=731
.Linfo_string51:
	.asciz	"idx"                           @ string offset=745
	.ident	"Component: ARM Compiler 6.16 Tool: armclang [5dfeb700]"
	.section	".note.GNU-stack","",%progbits
	.eabi_attribute	30, 1	@ Tag_ABI_optimization_goals
	.ARM_attribute	16, 1	@ Tag_AV_eba
	.section	.debug_line,"",%progbits
.Lline_table_start0:
